<?xml version="1.0" encoding="UTF-8"?>
<coverage generated="1683045586424" clover="3.2.0">
  <project timestamp="1683045586424" name="All files">
    <metrics statements="15" coveredstatements="14" conditionals="12" coveredconditionals="10" methods="2" coveredmethods="2" elements="29" coveredelements="26" complexity="0" loc="15" ncloc="15" packages="2" files="2" classes="2"/>
    <package name="src">
      <metrics statements="2" coveredstatements="2" conditionals="0" coveredconditionals="0" methods="1" coveredmethods="1"/>
      <file name="sum.ts" path="/Users/user/Desktop/quang/programming/typescript/nest/udemy/jest-tutorial/src/sum.ts">
        <metrics statements="2" coveredstatements="2" conditionals="0" coveredconditionals="0" methods="1" coveredmethods="1"/>
        <line num="1" count="1" type="stmt"/>
        <line num="2" count="1" type="stmt"/>
      </file>
    </package>
    <package name="src.configs">
      <metrics statements="13" coveredstatements="12" conditionals="12" coveredconditionals="10" methods="1" coveredmethods="1"/>
      <file name="app.config.ts" path="/Users/user/Desktop/quang/programming/typescript/nest/udemy/jest-tutorial/src/configs/app.config.ts">
        <metrics statements="13" coveredstatements="12" conditionals="12" coveredconditionals="10" methods="1" coveredmethods="1"/>
        <line num="1" count="1" type="stmt"/>
        <line num="8" count="1" type="stmt"/>
        <line num="10" count="1" type="stmt"/>
        <line num="15" count="3" type="cond" truecount="1" falsecount="0"/>
        <line num="16" count="1" type="stmt"/>
        <line num="20" count="2" type="stmt"/>
        <line num="21" count="2" type="stmt"/>
        <line num="25" count="2" type="stmt"/>
        <line num="27" count="1" type="cond" truecount="6" falsecount="1"/>
        <line num="28" count="1" type="cond" truecount="3" falsecount="1"/>
        <line num="29" count="1" type="stmt"/>
        <line num="30" count="1" type="stmt"/>
        <line num="34" count="0" type="stmt"/>
      </file>
    </package>
  </project>
</coverage>
