{"/Users/user/Desktop/quang/programming/typescript/nest/udemy/jest-tutorial/src/sum.ts": {"path":"/Users/user/Desktop/quang/programming/typescript/nest/udemy/jest-tutorial/src/sum.ts","statementMap":{"0":{"start":{"line":2,"column":2},"end":{"line":2,"column":15}},"1":{"start":{"line":1,"column":0},"end":{"line":1,"column":16}}},"fnMap":{"0":{"name":"sum","decl":{"start":{"line":1,"column":16},"end":{"line":1,"column":19}},"loc":{"start":{"line":1,"column":40},"end":{"line":3,"column":1}}}},"branchMap":{},"s":{"0":1,"1":1},"f":{"0":1},"b":{}}
,"/Users/user/Desktop/quang/programming/typescript/nest/udemy/jest-tutorial/src/configs/app.config.ts": {"path":"/Users/user/Desktop/quang/programming/typescript/nest/udemy/jest-tutorial/src/configs/app.config.ts","statementMap":{"0":{"start":{"line":1,"column":0},"end":{"line":1,"column":null}},"1":{"start":{"line":8,"column":13},"end":{"line":8,"column":55}},"2":{"start":{"line":15,"column":2},"end":{"line":17,"column":null}},"3":{"start":{"line":16,"column":4},"end":{"line":16,"column":43}},"4":{"start":{"line":20,"column":17},"end":{"line":20,"column":60}},"5":{"start":{"line":21,"column":18},"end":{"line":24,"column":4}},"6":{"start":{"line":25,"column":46},"end":{"line":25,"column":72}},"7":{"start":{"line":27,"column":2},"end":{"line":31,"column":null}},"8":{"start":{"line":28,"column":18},"end":{"line":28,"column":43}},"9":{"start":{"line":29,"column":4},"end":{"line":29,"column":33}},"10":{"start":{"line":30,"column":4},"end":{"line":30,"column":17}},"11":{"start":{"line":34,"column":2},"end":{"line":34,"column":52}},"12":{"start":{"line":10,"column":0},"end":{"line":10,"column":22}}},"fnMap":{"0":{"name":"ssmGetParameter","decl":{"start":{"line":10,"column":22},"end":{"line":10,"column":37}},"loc":{"start":{"line":12,"column":21},"end":{"line":35,"column":null}}}},"branchMap":{"0":{"loc":{"start":{"line":15,"column":2},"end":{"line":17,"column":null}},"type":"if","locations":[{"start":{"line":15,"column":2},"end":{"line":17,"column":null}}]},"1":{"loc":{"start":{"line":27,"column":2},"end":{"line":31,"column":null}},"type":"if","locations":[{"start":{"line":27,"column":2},"end":{"line":31,"column":null}}]},"2":{"loc":{"start":{"line":27,"column":6},"end":{"line":27,"column":45}},"type":"binary-expr","locations":[{"start":{"line":27,"column":6},"end":{"line":27,"column":14}},{"start":{"line":27,"column":18},"end":{"line":27,"column":43}}]},"3":{"loc":{"start":{"line":27,"column":18},"end":{"line":27,"column":43}},"type":"cond-expr","locations":[{"start":{"line":27,"column":36},"end":{"line":27,"column":38}},{"start":{"line":27,"column":36},"end":{"line":27,"column":43}}]},"4":{"loc":{"start":{"line":27,"column":18},"end":{"line":27,"column":38}},"type":"binary-expr","locations":[{"start":{"line":27,"column":18},"end":{"line":27,"column":38}},{"start":{"line":27,"column":36},"end":{"line":27,"column":38}}]},"5":{"loc":{"start":{"line":28,"column":18},"end":{"line":28,"column":43}},"type":"cond-expr","locations":[{"start":{"line":28,"column":36},"end":{"line":28,"column":38}},{"start":{"line":28,"column":36},"end":{"line":28,"column":43}}]},"6":{"loc":{"start":{"line":28,"column":18},"end":{"line":28,"column":38}},"type":"binary-expr","locations":[{"start":{"line":28,"column":18},"end":{"line":28,"column":38}},{"start":{"line":28,"column":36},"end":{"line":28,"column":38}}]}},"s":{"0":1,"1":1,"2":3,"3":1,"4":2,"5":2,"6":2,"7":1,"8":1,"9":1,"10":1,"11":0,"12":1},"f":{"0":3},"b":{"0":[1],"1":[1],"2":[1,1],"3":[0,1],"4":[1,1],"5":[0,1],"6":[1,1]}}
}
