TN:
SF:src/sum.ts
FN:1,sum
FNF:1
FNH:1
FNDA:1,sum
DA:1,1
DA:2,1
LF:2
LH:2
BRF:0
BRH:0
end_of_record
TN:
SF:src/configs/app.config.ts
FN:10,ssmGetParameter
FNF:1
FNH:1
FNDA:3,ssmGetParameter
DA:1,1
DA:8,1
DA:10,1
DA:15,3
DA:16,1
DA:20,2
DA:21,2
DA:25,2
DA:27,1
DA:28,1
DA:29,1
DA:30,1
DA:34,0
LF:13
LH:12
BRDA:15,0,0,1
BRDA:27,1,0,1
BRDA:27,2,0,1
BRDA:27,2,1,1
BRDA:27,3,0,0
BRDA:27,3,1,1
BRDA:27,4,0,1
BRDA:27,4,1,1
BRDA:28,5,0,0
BRDA:28,5,1,1
BRDA:28,6,0,1
BRDA:28,6,1,1
BRF:12
BRH:10
end_of_record
